This is pdfTeX, Version 3.14159265-2.6-1.40.21 (TeX Live 2020/Arch Linux) (preloaded format=pdfetex 2020.10.6)  7 OCT 2020 19:53
entering extended mode
 restricted \write18 enabled.
 file:line:error style messages enabled.
 %&-line parsing enabled.
**\nonstopmode \bgroup\catcode62=2\relax \catcode`\_=12\relax \toks0\bgroup\inp
ut ./doc_smtp.texinfo \relax>\expandafter\egroup\the\toks0\relax
(./doc_smtp.texinfo (/usr/share/texmf-dist/tex/texinfo/texinfo.tex
Loading texinfo [version 2020-05-22.11]:
\outerhsize=\dimen16
\outervsize=\dimen17
\topandbottommargin=\dimen18
\bindingoffset=\dimen19
\normaloffset=\dimen20
\txipagewidth=\dimen21
\txipageheight=\dimen22
\defaultoutput=\toks13
\headlinebox=\box16
\footlinebox=\box17
\savedtopmark=\toks14
\margin=\insert252
\EMsimple=\toks15
\groupbox=\box18
\groupinvalidhelp=\toks16
\mil=\dimen23
\exdentamount=\skip18
\inmarginspacing=\skip19
\centerpenalty=\count27
 pdf,
\tempnum=\count28
\lnkcount=\count29
\filename=\toks17
\filenamelength=\count30
\pgn=\count31
\toksA=\toks18
\toksB=\toks19
\toksC=\toks20
\toksD=\toks21
\boxA=\box19
\boxB=\box20
\countA=\count32
\pagecount=\count33
\romancount=\count34
\arabiccount=\count35
\nopdfimagehelp=\toks22
 fonts,
\textleading=\dimen24
\sffam=\fam8
 markup,
\fontdepth=\count36
 glyphs,
\errorbox=\box21

page headings,
\titlepagetopglue=\skip20
\titlepagebottomglue=\skip21
\evenheadline=\toks23
\oddheadline=\toks24
\evenchapheadline=\toks25
\oddchapheadline=\toks26
\evenfootline=\toks27
\oddfootline=\toks28
 tables,
\tableindent=\dimen25
\itemindent=\dimen26
\itemmargin=\dimen27
\itemmax=\dimen28
\itemno=\count37
\multitableparskip=\skip22
\multitableparindent=\skip23
\multitablecolspace=\dimen29
\multitablelinespace=\skip24
\colcount=\count38
\everytab=\toks29
 conditionals,
\doignorecount=\count39
 indexing,
\dummybox=\box22
\whatsitskip=\skip25
\whatsitpenalty=\count40
\entryrightmargin=\dimen30
\thinshrinkable=\skip26
\partialpage=\box23
\doublecolumnhsize=\dimen31
\balancedcolumns=\box24
 sectioning,
\unnumberedno=\count41
\chapno=\count42
\secno=\count43
\subsecno=\count44
\subsubsecno=\count45
\appendixno=\count46
\absseclevel=\count47
\secbase=\count48
\chapheadingskip=\skip27
\secheadingskip=\skip28
\subsecheadingskip=\skip29
 toc,
\tocfile=\write0
\contentsrightmargin=\skip30
\savepageno=\count49
\lastnegativepageno=\count50
\tocindent=\dimen32
 environments,
\lispnarrowing=\skip31
\envskipamount=\skip32
\lskip=\skip33
\rskip=\skip34
\circthick=\dimen33
\cartouter=\dimen34
\cartinner=\dimen35
\normbskip=\skip35
\normpskip=\skip36
\normlskip=\skip37
\nonfillparindent=\dimen36
\tabw=\dimen37
\verbbox=\box25

defuns,
\defbodyindent=\skip38
\defargsindent=\skip39
\deflastargmargin=\skip40
\defunpenalty=\count51
\parencount=\count52
\brackcount=\count53
 macros,
\paramno=\count54
\macname=\toks30
 cross references,
\auxfile=\write1
\savesfregister=\count55
\toprefbox=\box26
\printedrefnamebox=\box27
\infofilenamebox=\box28
\printedmanualbox=\box29
 insertions,
\footnoteno=\count56
\SAVEfootins=\box30
\SAVEmargin=\box31

(/usr/share/texmf-dist/tex/generic/epsf/epsf.tex
This is `epsf.tex' v2.7.4 <14 February 2011>
\epsffilein=\read1
\epsfframemargin=\dimen38
\epsfframethickness=\dimen39
\epsfrsize=\dimen40
\epsftmp=\dimen41
\epsftsize=\dimen42
\epsfxsize=\dimen43
\epsfysize=\dimen44
\pspoints=\dimen45
)
\noepsfhelp=\toks31
 localization,
\nolanghelp=\toks32
\countUTFx=\count57
\countUTFy=\count58
\countUTFz=\count59
 formatting,
\defaultparindent=\dimen46
 and turning on texinfo input format.)
(/usr/share/texmf-dist/tex/texinfo/txi-pt.tex) [1{/var/lib/texmf/fonts/map/pdft
ex/updmap/pdftex.map}] [2]
texinfo.tex: doing @include of introducao.texinfo


(/home/leonino/Downloads/smtp/smtp/info/introducao.texinfo Cap@'@ptexi tulo 1
(/home/leonino/Downloads/smtp/smtp/info/doc_smtp.aux))
texinfo.tex: doing @include of mandando.texinfo


(/home/leonino/Downloads/smtp/smtp/info/mandando.texinfo Cap@'@ptexi tulo 2
[1])
texinfo.tex: doing @include of consideracoes.texinfo

 (/home/leonino/Downloads/smtp/smtp/info/consideracoes.texinfo
Cap@'@ptexi tulo 3 [2] [3]) [4] ) 
Here is how much of TeX's memory you used:
 3224 strings out of 494628
 33735 string characters out of 6154280
 76824 words of memory out of 5000000
 4737 multiletter control sequences out of 15000+600000
 34203 words of font info for 119 fonts, out of 8000000 for 9000
 1453 hyphenation exceptions out of 8191
 19i,4n,17p,418b,394s stack positions out of 5000i,500n,10000p,200000b,80000s
</usr/share/texmf-dist/fonts/type1/public/amsf
onts/cm/cmb10.pfb></usr/share/texmf-dist/fonts/type1/public/amsfonts/cm/cmbx12.
pfb></usr/share/texmf-dist/fonts/type1/public/amsfonts/cm/cmr10.pfb></usr/share
/texmf-dist/fonts/type1/public/amsfonts/cm/cmti10.pfb></usr/share/texmf-dist/fo
nts/type1/public/amsfonts/cm/cmtt10.pfb>
Output written on doc_smtp.pdf (6 pages, 83818 bytes).
PDF statistics:
 62 PDF objects out of 1000 (max. 8388607)
 45 compressed objects within 1 object stream
 12 named destinations out of 1000 (max. 500000)
 13 words of extra memory for PDF output out of 10000 (max. 10000000)

